  os_cpu_c.c
  os_core.c
C:\Users\ib701\Desktop\RTOS_M11102118_PA2_CUS\Micrium\Software\uCOS-II\Source\os_core.c(701,13): warning C4101: 'ptcb': 未參考的區域變數
C:\Users\ib701\Desktop\RTOS_M11102118_PA2_CUS\Micrium\Software\uCOS-II\Source\os_core.c(1063,44): warning C4101: 'temp': 未參考的區域變數
C:\Users\ib701\Desktop\RTOS_M11102118_PA2_CUS\Micrium\Software\uCOS-II\Source\os_core.c(1183,13): warning C4013: 'exit' 未定義; 假設 extern 傳回整數
C:\Users\ib701\Desktop\RTOS_M11102118_PA2_CUS\Micrium\Software\uCOS-II\Source\os_core.c(1297,52): warning C4101: 'temp': 未參考的區域變數
  os_dbg_r.c
  os_flag.c
  os_mbox.c
  os_mem.c
  os_mutex.c
  os_q.c
  os_sem.c
  os_task.c
  os_time.c
  os_tmr.c
  app_hooks.c
C:\Users\ib701\Desktop\RTOS_M11102118_PA2_CUS\Microsoft\Windows\Kernel\OS2\app_hooks.c(128,31): warning C4013: 'atoi' 未定義; 假設 extern 傳回整數
C:\Users\ib701\Desktop\RTOS_M11102118_PA2_CUS\Microsoft\Windows\Kernel\OS2\app_hooks.c(147,53): warning C4244: '=': 將 'int' 轉換為 'float'，由於類型不同，可能導致資料遺失
C:\Users\ib701\Desktop\RTOS_M11102118_PA2_CUS\Microsoft\Windows\Kernel\OS2\app_hooks.c(229,178): warning C4244: '=': 將 'float' 轉換為 'INT16U'，由於類型不同，可能導致資料遺失
C:\Users\ib701\Desktop\RTOS_M11102118_PA2_CUS\Microsoft\Windows\Kernel\OS2\app_hooks.c(233,182): warning C4244: '=': 將 'float' 轉換為 'INT16U'，由於類型不同，可能導致資料遺失
C:\Users\ib701\Desktop\RTOS_M11102118_PA2_CUS\Microsoft\Windows\Kernel\OS2\app_hooks.c(236,190): warning C4244: '=': 將 'float' 轉換為 'INT16U'，由於類型不同，可能導致資料遺失
  main.c
C:\Users\ib701\Desktop\RTOS_M11102118_PA2_CUS\Microsoft\Windows\Kernel\OS2\main.c(108,22): warning C4013: 'malloc' 未定義; 假設 extern 傳回整數
C:\Users\ib701\Desktop\RTOS_M11102118_PA2_CUS\Microsoft\Windows\Kernel\OS2\main.c(108,50): warning C4047: '=': 'OS_STK **' 與 'int' 間接取值的層級不同
C:\Users\ib701\Desktop\RTOS_M11102118_PA2_CUS\Microsoft\Windows\Kernel\OS2\main.c(116,59): warning C4047: '=': 'OS_STK *' 與 'int' 間接取值的層級不同
C:\Users\ib701\Desktop\RTOS_M11102118_PA2_CUS\Microsoft\Windows\Kernel\OS2\main.c(120,42): warning C4244: '函式': 將 'INT16U' 轉換為 'INT8U'，由於類型不同，可能導致資料遺失
C:\Users\ib701\Desktop\RTOS_M11102118_PA2_CUS\Microsoft\Windows\Kernel\OS2\main.c(87,17): warning C4101: 'os_err': 未參考的區域變數
C:\Users\ib701\Desktop\RTOS_M11102118_PA2_CUS\Microsoft\Windows\Kernel\OS2\main.c(112,13): warning C4101: 'ptcb': 未參考的區域變數
  正在產生程式碼...
  OS2.vcxproj -> C:\Users\ib701\Desktop\RTOS_M11102118_PA2_CUS\Microsoft\Windows\Kernel\OS2\VS\Debug\OS2.exe
